[debug] [2021-01-27T15:34:51.733Z] ----------------------------------------------------------------------
[debug] [2021-01-27T15:34:51.737Z] Command:       D:\nodejs\node.exe C:\Users\ASUS\AppData\Roaming\npm\node_modules\firebase-tools\lib\bin\firebase.js deploy
[debug] [2021-01-27T15:34:51.738Z] CLI Version:   9.2.2
[debug] [2021-01-27T15:34:51.738Z] Platform:      win32
[debug] [2021-01-27T15:34:51.738Z] Node Version:  v14.15.0
[debug] [2021-01-27T15:34:51.739Z] Time:          Wed Jan 27 2021 10:34:51 GMT-0500 (hora estándar de Colombia)
[debug] [2021-01-27T15:34:51.740Z] ----------------------------------------------------------------------
[debug] [2021-01-27T15:34:51.740Z] 
[debug] [2021-01-27T15:34:51.750Z] > command requires scopes: ["email","openid","https://www.googleapis.com/auth/cloudplatformprojects.readonly","https://www.googleapis.com/auth/firebase","https://www.googleapis.com/auth/cloud-platform"]
[debug] [2021-01-27T15:34:51.751Z] > authorizing via signed-in user
[debug] [2021-01-27T15:34:51.751Z] [iam] checking project utringpro for permissions ["firebase.projects.get","firebasehosting.sites.update"]
[debug] [2021-01-27T15:34:51.754Z] > refreshing access token with scopes: ["email","https://www.googleapis.com/auth/cloud-platform","https://www.googleapis.com/auth/cloudplatformprojects.readonly","https://www.googleapis.com/auth/firebase","openid"]
[debug] [2021-01-27T15:34:51.754Z] >>> HTTP REQUEST POST https://www.googleapis.com/oauth2/v3/token  
 <request body omitted>
[debug] [2021-01-27T15:34:52.095Z] <<< HTTP RESPONSE 200 {"expires":"Mon, 01 Jan 1990 00:00:00 GMT","pragma":"no-cache","date":"Wed, 27 Jan 2021 15:34:52 GMT","cache-control":"no-cache, no-store, max-age=0, must-revalidate","content-type":"application/json; charset=utf-8","vary":"X-Origin, Referer, Origin,Accept-Encoding","server":"scaffolding on HTTPServer2","x-xss-protection":"0","x-frame-options":"SAMEORIGIN","x-content-type-options":"nosniff","alt-svc":"h3-29=\":443\"; ma=2592000,h3-T051=\":443\"; ma=2592000,h3-Q050=\":443\"; ma=2592000,h3-Q046=\":443\"; ma=2592000,h3-Q043=\":443\"; ma=2592000,quic=\":443\"; ma=2592000; v=\"46,43\"","accept-ranges":"none","transfer-encoding":"chunked"}
[debug] [2021-01-27T15:34:52.111Z] >>> HTTP REQUEST POST https://cloudresourcemanager.googleapis.com/v1/projects/utringpro:testIamPermissions  
 {"permissions":["firebase.projects.get","firebasehosting.sites.update"]}
[debug] [2021-01-27T15:34:52.776Z] <<< HTTP RESPONSE 200 {"content-type":"application/json; charset=UTF-8","vary":"X-Origin, Referer, Origin,Accept-Encoding","date":"Wed, 27 Jan 2021 15:34:52 GMT","server":"ESF","cache-control":"private","x-xss-protection":"0","x-frame-options":"SAMEORIGIN","x-content-type-options":"nosniff","server-timing":"gfet4t7; dur=358","alt-svc":"h3-29=\":443\"; ma=2592000,h3-T051=\":443\"; ma=2592000,h3-Q050=\":443\"; ma=2592000,h3-Q046=\":443\"; ma=2592000,h3-Q043=\":443\"; ma=2592000,quic=\":443\"; ma=2592000; v=\"46,43\"","accept-ranges":"none","transfer-encoding":"chunked"}
[debug] [2021-01-27T15:34:52.777Z] [iam] error while checking permissions, command may fail: FirebaseError: Authorization failed. This account is missing the following required permissions on project utringpro:

  firebase.projects.get
  firebasehosting.sites.update
[debug] [2021-01-27T15:34:52.780Z] > refreshing access token with scopes: []
[debug] [2021-01-27T15:34:52.780Z] >>> HTTP REQUEST POST https://www.googleapis.com/oauth2/v3/token  
 <request body omitted>
[debug] [2021-01-27T15:34:53.048Z] <<< HTTP RESPONSE 200 {"date":"Wed, 27 Jan 2021 15:34:53 GMT","expires":"Mon, 01 Jan 1990 00:00:00 GMT","cache-control":"no-cache, no-store, max-age=0, must-revalidate","pragma":"no-cache","content-type":"application/json; charset=utf-8","vary":"X-Origin, Referer, Origin,Accept-Encoding","server":"scaffolding on HTTPServer2","x-xss-protection":"0","x-frame-options":"SAMEORIGIN","x-content-type-options":"nosniff","alt-svc":"h3-29=\":443\"; ma=2592000,h3-T051=\":443\"; ma=2592000,h3-Q050=\":443\"; ma=2592000,h3-Q046=\":443\"; ma=2592000,h3-Q043=\":443\"; ma=2592000,quic=\":443\"; ma=2592000; v=\"46,43\"","accept-ranges":"none","transfer-encoding":"chunked"}
[debug] [2021-01-27T15:34:53.065Z] >>> [apiv2][query] GET https://firebase.googleapis.com/v1beta1/projects/utringpro [none]
[debug] [2021-01-27T15:34:53.502Z] <<< [apiv2][status] GET https://firebase.googleapis.com/v1beta1/projects/utringpro 403
[debug] [2021-01-27T15:34:53.502Z] <<< [apiv2][body] GET https://firebase.googleapis.com/v1beta1/projects/utringpro {"error":{"code":403,"message":"The caller does not have permission","status":"PERMISSION_DENIED"}}
[debug] [2021-01-27T15:34:53.503Z] HTTP Error: 403, The caller does not have permission
[debug] [2021-01-27T15:34:53.743Z] FirebaseError: HTTP Error: 403, The caller does not have permission
    at module.exports (C:\Users\ASUS\AppData\Roaming\npm\node_modules\firebase-tools\lib\responseToError.js:38:12)
    at Client.doRequest (C:\Users\ASUS\AppData\Roaming\npm\node_modules\firebase-tools\lib\apiv2.js:221:23)
    at processTicksAndRejections (internal/process/task_queues.js:93:5)
    at async Client.request (C:\Users\ASUS\AppData\Roaming\npm\node_modules\firebase-tools\lib\apiv2.js:93:20)
    at async Object.getFirebaseProject (C:\Users\ASUS\AppData\Roaming\npm\node_modules\firebase-tools\lib\management\projects.js:289:21)
    at async Object.getDefaultHostingSite (C:\Users\ASUS\AppData\Roaming\npm\node_modules\firebase-tools\lib\getDefaultHostingSite.js:8:21)
    at async requireHostingSite (C:\Users\ASUS\AppData\Roaming\npm\node_modules\firebase-tools\lib\requireHostingSite.js:9:18)
    at async Object.fn (C:\Users\ASUS\AppData\Roaming\npm\node_modules\firebase-tools\lib\commands\deploy.js:66:9)
    at async C:\Users\ASUS\AppData\Roaming\npm\node_modules\firebase-tools\lib\command.js:161:17
[error] 
[error] Error: Failed to get Firebase project utringpro. Please make sure the project exists and your account has permission to access it.
